WARNING:root:Failed to save \ec50k_00100006.jpg in processed\validation\query\10
INFO:root:created visual debug for processed\validation\query\10\ec50k_00100011.jpg
INFO:root:created visual debug for processed\validation\query\10\ec50k_00100015.jpg
INFO:root:created visual debug for processed\validation\query\10\ec50k_00100020.jpg
INFO:root:created visual debug for processed\validation\query\10\ec50k_00100026.jpg
WARNING:root:Failed to save \ec50k_00110002.jpg in processed\validation\query\11
INFO:root:created visual debug for processed\validation\query\11\ec50k_00110006.jpg
INFO:root:created visual debug for processed\validation\query\11\ec50k_00110008.jpg
INFO:root:created visual debug for processed\validation\query\11\ec50k_00110012.jpg
INFO:root:created visual debug for processed\validation\query\11\ec50k_00110016.jpg
WARNING:root:Failed to save \ec50k_00120004.jpg in processed\validation\query\12
INFO:root:created visual debug for processed\validation\query\12\ec50k_00120007.jpg
INFO:root:created visual debug for processed\validation\query\12\ec50k_00120008.jpg
INFO:root:created visual debug for processed\validation\query\12\ec50k_00120009.jpg
INFO:root:created visual debug for processed\validation\query\12\ec50k_00120010.jpg
WARNING:root:Failed to save \ec50k_00130018.jpg in processed\validation\query\13
INFO:root:created visual debug for processed\validation\query\13\ec50k_00130019.jpg
INFO:root:created visual debug for processed\validation\query\13\ec50k_00130020.jpg
INFO:root:created visual debug for processed\validation\query\13\ec50k_00130021.jpg
INFO:root:created visual debug for processed\validation\query\13\ec50k_00130022.jpg
WARNING:root:Failed to save \ec50k_00140010.jpg in processed\validation\query\14
INFO:root:created visual debug for processed\validation\query\14\ec50k_00140018.jpg
INFO:root:created visual debug for processed\validation\query\14\ec50k_00140023.jpg
INFO:root:created visual debug for processed\validation\query\14\ec50k_00140028.jpg
INFO:root:created visual debug for processed\validation\query\14\ec50k_00140033.jpg
WARNING:root:Failed to save \ec50k_00150003.jpg in processed\validation\query\15
INFO:root:created visual debug for processed\validation\query\15\ec50k_00150009.jpg
INFO:root:created visual debug for processed\validation\query\15\ec50k_00150012.jpg
INFO:root:created visual debug for processed\validation\query\15\ec50k_00150020.jpg
INFO:root:created visual debug for processed\validation\query\15\ec50k_00150023.jpg
WARNING:root:Failed to save \ec50k_00160008.jpg in processed\validation\query\16
INFO:root:created visual debug for processed\validation\query\16\ec50k_00160012.jpg
INFO:root:created visual debug for processed\validation\query\16\ec50k_00160021.jpg
INFO:root:created visual debug for processed\validation\query\16\ec50k_00160028.jpg
INFO:root:created visual debug for processed\validation\query\16\ec50k_00160034.jpg
WARNING:root:Failed to save \ec50k_00180009.jpg in processed\validation\query\18
INFO:root:created visual debug for processed\validation\query\18\ec50k_00180023.jpg
INFO:root:created visual debug for processed\validation\query\18\ec50k_00180031.jpg
INFO:root:created visual debug for processed\validation\query\18\ec50k_00180045.jpg
INFO:root:created visual debug for processed\validation\query\18\ec50k_00180056.jpg
WARNING:root:Failed to save \ec50k_00020001.jpg in processed\validation\query\2
INFO:root:created visual debug for processed\validation\query\2\ec50k_00020002.jpg
INFO:root:created visual debug for processed\validation\query\2\ec50k_00020003.jpg
INFO:root:created visual debug for processed\validation\query\2\ec50k_00020004.jpg
INFO:root:created visual debug for processed\validation\query\2\ec50k_00020005.jpg
WARNING:root:Failed to save \ec50k_00040001.jpg in processed\validation\query\4
INFO:root:created visual debug for processed\validation\query\4\ec50k_00040002.jpg
INFO:root:created visual debug for processed\validation\query\4\ec50k_00040003.jpg
INFO:root:created visual debug for processed\validation\query\4\ec50k_00040004.jpg
INFO:root:created visual debug for processed\validation\query\4\ec50k_00040005.jpg
WARNING:root:Failed to save \ec50k_00060001.jpg in processed\validation\query\6
INFO:root:created visual debug for processed\validation\query\6\ec50k_00060002.jpg
INFO:root:created visual debug for processed\validation\query\6\ec50k_00060003.jpg
INFO:root:created visual debug for processed\validation\query\6\ec50k_00060004.jpg
INFO:root:created visual debug for processed\validation\query\6\ec50k_00060005.jpg
WARNING:root:Failed to save \ec50k_00070001.jpg in processed\validation\query\7
INFO:root:created visual debug for processed\validation\query\7\ec50k_00070002.jpg
INFO:root:created visual debug for processed\validation\query\7\ec50k_00070003.jpg
INFO:root:created visual debug for processed\validation\query\7\ec50k_00070004.jpg
INFO:root:created visual debug for processed\validation\query\7\ec50k_00070005.jpg
WARNING:root:Failed to save \ec50k_00080001.jpg in processed\validation\query\8
INFO:root:created visual debug for processed\validation\query\8\ec50k_00080004.jpg
INFO:root:created visual debug for processed\validation\query\8\ec50k_00080008.jpg
INFO:root:created visual debug for processed\validation\query\8\ec50k_00080012.jpg
INFO:root:created visual debug for processed\validation\query\8\ec50k_00080016.jpg
WARNING:root:Failed to save \ec50k_00090006.jpg in processed\validation\query\9
INFO:root:created visual debug for processed\validation\query\9\ec50k_00090019.jpg
INFO:root:created visual debug for processed\validation\query\9\ec50k_00090024.jpg
INFO:root:created visual debug for processed\validation\query\9\ec50k_00090030.jpg
INFO:root:created visual debug for processed\validation\query\9\ec50k_00090035.jpg
INFO:root:created visual debug for processed\validation\query\10\ec50k_00100006.jpg
INFO:root:created visual debug for processed\validation\query\11\ec50k_00110002.jpg
INFO:root:created visual debug for processed\validation\query\12\ec50k_00120004.jpg
INFO:root:created visual debug for processed\validation\query\13\ec50k_00130018.jpg
INFO:root:created visual debug for processed\validation\query\14\ec50k_00140010.jpg
INFO:root:created visual debug for processed\validation\query\15\ec50k_00150003.jpg
INFO:root:created visual debug for processed\validation\query\16\ec50k_00160008.jpg
INFO:root:created visual debug for processed\validation\query\18\ec50k_00180009.jpg
INFO:root:created visual debug for processed\validation\query\2\ec50k_00020001.jpg
INFO:root:created visual debug for processed\validation\query\4\ec50k_00040001.jpg
INFO:root:created visual debug for processed\validation\query\6\ec50k_00060001.jpg
INFO:root:created visual debug for processed\validation\query\7\ec50k_00070001.jpg
INFO:root:created visual debug for processed\validation\query\8\ec50k_00080001.jpg
INFO:root:created visual debug for processed\validation\query\9\ec50k_00090006.jpg
WARNING:root:Failed to save \ec50k_00010001.jpg in processed\training\1
INFO:root:created visual debug for processed\training\1\ec50k_00010002.jpg
INFO:root:created visual debug for processed\training\1\ec50k_00010003.jpg
INFO:root:created visual debug for processed\training\1\ec50k_00010004.jpg
INFO:root:created visual debug for processed\training\1\ec50k_00010005.jpg
INFO:root:created visual debug for processed\training\1\ec50k_00010006.jpg
INFO:root:created visual debug for processed\training\1\ec50k_00010007.jpg
INFO:root:created visual debug for processed\training\1\ec50k_00010008.jpg
INFO:root:created visual debug for processed\training\1\ec50k_00010009.jpg
INFO:root:created visual debug for processed\training\1\ec50k_00010010.jpg
INFO:root:created visual debug for processed\training\1\ec50k_00010011.jpg
INFO:root:created visual debug for processed\training\1\ec50k_00010012.jpg
INFO:root:created visual debug for processed\training\1\ec50k_00010013.jpg
INFO:root:created visual debug for processed\training\1\ec50k_00010014.jpg
INFO:root:created visual debug for processed\training\1\ec50k_00010015.jpg
INFO:root:created visual debug for processed\training\1\ec50k_00010016.jpg
INFO:root:created visual debug for processed\training\1\ec50k_00010017.jpg
INFO:root:created visual debug for processed\training\1\ec50k_00010018.jpg
INFO:root:created visual debug for processed\training\1\ec50k_00010019.jpg
INFO:root:created visual debug for processed\training\1\ec50k_00010020.jpg
INFO:root:created visual debug for processed\training\1\ec50k_00010021.jpg
INFO:root:created visual debug for processed\training\1\ec50k_00010022.jpg
INFO:root:created visual debug for processed\training\1\ec50k_00010023.jpg
INFO:root:created visual debug for processed\training\1\ec50k_00010024.jpg
INFO:root:created visual debug for processed\training\1\ec50k_00010025.jpg
INFO:root:created visual debug for processed\training\1\ec50k_00010026.jpg
INFO:root:created visual debug for processed\training\1\ec50k_00010027.jpg
INFO:root:created visual debug for processed\training\1\ec50k_00010028.jpg
WARNING:root:Failed to save \ec50k_00100006.jpg in processed\training\10
INFO:root:created visual debug for processed\training\10\ec50k_00100011.jpg
INFO:root:created visual debug for processed\training\10\ec50k_00100015.jpg
INFO:root:created visual debug for processed\training\10\ec50k_00100020.jpg
INFO:root:created visual debug for processed\training\10\ec50k_00100026.jpg
WARNING:root:Failed to save \ec50k_00110002.jpg in processed\training\11
INFO:root:created visual debug for processed\training\11\ec50k_00110006.jpg
INFO:root:created visual debug for processed\training\11\ec50k_00110008.jpg
INFO:root:created visual debug for processed\training\11\ec50k_00110012.jpg
INFO:root:created visual debug for processed\training\11\ec50k_00110016.jpg
WARNING:root:Failed to save \ec50k_00120004.jpg in processed\training\12
INFO:root:created visual debug for processed\training\12\ec50k_00120007.jpg
INFO:root:created visual debug for processed\training\12\ec50k_00120008.jpg
INFO:root:created visual debug for processed\training\12\ec50k_00120009.jpg
INFO:root:created visual debug for processed\training\12\ec50k_00120010.jpg
WARNING:root:Failed to save \ec50k_00130018.jpg in processed\training\13
INFO:root:created visual debug for processed\training\13\ec50k_00130019.jpg
INFO:root:created visual debug for processed\training\13\ec50k_00130020.jpg
INFO:root:created visual debug for processed\training\13\ec50k_00130021.jpg
INFO:root:created visual debug for processed\training\13\ec50k_00130022.jpg
WARNING:root:Failed to save \ec50k_00140010.jpg in processed\training\14
INFO:root:created visual debug for processed\training\14\ec50k_00140018.jpg
INFO:root:created visual debug for processed\training\14\ec50k_00140023.jpg
INFO:root:created visual debug for processed\training\14\ec50k_00140028.jpg
INFO:root:created visual debug for processed\training\14\ec50k_00140033.jpg
WARNING:root:Failed to save \ec50k_00150003.jpg in processed\training\15
INFO:root:created visual debug for processed\training\15\ec50k_00150009.jpg
INFO:root:created visual debug for processed\training\15\ec50k_00150012.jpg
INFO:root:created visual debug for processed\training\15\ec50k_00150020.jpg
INFO:root:created visual debug for processed\training\15\ec50k_00150023.jpg
WARNING:root:Failed to save \ec50k_00160008.jpg in processed\training\16
INFO:root:created visual debug for processed\training\16\ec50k_00160012.jpg
INFO:root:created visual debug for processed\training\16\ec50k_00160021.jpg
INFO:root:created visual debug for processed\training\16\ec50k_00160028.jpg
INFO:root:created visual debug for processed\training\16\ec50k_00160034.jpg
WARNING:root:Failed to save \ec50k_00180009.jpg in processed\training\18
INFO:root:created visual debug for processed\training\18\ec50k_00180023.jpg
INFO:root:created visual debug for processed\training\18\ec50k_00180031.jpg
INFO:root:created visual debug for processed\training\18\ec50k_00180045.jpg
INFO:root:created visual debug for processed\training\18\ec50k_00180056.jpg
WARNING:root:Failed to save \ec50k_00190001.jpg in processed\training\19
INFO:root:created visual debug for processed\training\19\ec50k_00190002.jpg
INFO:root:created visual debug for processed\training\19\ec50k_00190003.jpg
INFO:root:created visual debug for processed\training\19\ec50k_00190004.jpg
INFO:root:created visual debug for processed\training\19\ec50k_00190005.jpg
INFO:root:created visual debug for processed\training\19\ec50k_00190006.jpg
INFO:root:created visual debug for processed\training\19\ec50k_00190007.jpg
INFO:root:created visual debug for processed\training\19\ec50k_00190008.jpg
INFO:root:created visual debug for processed\training\19\ec50k_00190009.jpg
INFO:root:created visual debug for processed\training\19\ec50k_00190010.jpg
INFO:root:created visual debug for processed\training\19\ec50k_00190011.jpg
INFO:root:created visual debug for processed\training\19\ec50k_00190012.jpg
INFO:root:created visual debug for processed\training\19\ec50k_00190013.jpg
INFO:root:created visual debug for processed\training\19\ec50k_00190014.jpg
INFO:root:created visual debug for processed\training\19\ec50k_00190015.jpg
INFO:root:created visual debug for processed\training\19\ec50k_00190016.jpg
INFO:root:created visual debug for processed\training\19\ec50k_00190017.jpg
INFO:root:created visual debug for processed\training\19\ec50k_00190018.jpg
INFO:root:created visual debug for processed\training\19\ec50k_00190019.jpg
INFO:root:created visual debug for processed\training\19\ec50k_00190020.jpg
INFO:root:created visual debug for processed\training\19\ec50k_00190021.jpg
INFO:root:created visual debug for processed\training\19\ec50k_00190022.jpg
INFO:root:created visual debug for processed\training\19\ec50k_00190023.jpg
INFO:root:created visual debug for processed\training\19\ec50k_00190024.jpg
INFO:root:created visual debug for processed\training\19\ec50k_00190025.jpg
INFO:root:created visual debug for processed\training\19\ec50k_00190026.jpg
INFO:root:created visual debug for processed\training\19\ec50k_00190027.jpg
INFO:root:created visual debug for processed\training\19\ec50k_00190028.jpg
INFO:root:created visual debug for processed\training\19\ec50k_00190029.jpg
INFO:root:created visual debug for processed\training\19\ec50k_00190030.jpg
INFO:root:created visual debug for processed\training\19\ec50k_00190031.jpg
INFO:root:created visual debug for processed\training\19\ec50k_00190032.jpg
INFO:root:created visual debug for processed\training\19\ec50k_00190033.jpg
INFO:root:created visual debug for processed\training\19\ec50k_00190034.jpg
INFO:root:created visual debug for processed\training\19\ec50k_00190035.jpg
INFO:root:created visual debug for processed\training\19\ec50k_00190036.jpg
INFO:root:created visual debug for processed\training\19\ec50k_00190037.jpg
INFO:root:created visual debug for processed\training\19\ec50k_00190038.jpg
INFO:root:created visual debug for processed\training\19\ec50k_00190039.jpg
INFO:root:created visual debug for processed\training\19\ec50k_00190040.jpg
INFO:root:created visual debug for processed\training\19\ec50k_00190041.jpg
INFO:root:created visual debug for processed\training\19\ec50k_00190042.jpg
INFO:root:created visual debug for processed\training\19\ec50k_00190043.jpg
INFO:root:created visual debug for processed\training\19\ec50k_00190044.jpg
INFO:root:created visual debug for processed\training\19\ec50k_00190045.jpg
INFO:root:created visual debug for processed\training\19\ec50k_00190046.jpg
INFO:root:created visual debug for processed\training\19\ec50k_00190047.jpg
INFO:root:created visual debug for processed\training\19\ec50k_00190048.jpg
INFO:root:created visual debug for processed\training\19\ec50k_00190049.jpg
INFO:root:created visual debug for processed\training\19\ec50k_00190050.jpg
INFO:root:created visual debug for processed\training\19\ec50k_00190051.jpg
INFO:root:created visual debug for processed\training\19\ec50k_00190052.jpg
INFO:root:created visual debug for processed\training\19\ec50k_00190053.jpg
INFO:root:created visual debug for processed\training\19\ec50k_00190054.jpg
INFO:root:created visual debug for processed\training\19\ec50k_00190055.jpg
INFO:root:created visual debug for processed\training\19\ec50k_00190056.jpg
INFO:root:created visual debug for processed\training\19\ec50k_00190057.jpg
INFO:root:created visual debug for processed\training\19\ec50k_00190058.jpg
INFO:root:created visual debug for processed\training\19\ec50k_00190059.jpg
INFO:root:created visual debug for processed\training\19\ec50k_00190060.jpg
INFO:root:created visual debug for processed\training\19\ec50k_00190061.jpg
INFO:root:created visual debug for processed\training\19\ec50k_00190062.jpg
INFO:root:created visual debug for processed\training\19\ec50k_00190063.jpg
INFO:root:created visual debug for processed\training\19\ec50k_00190064.jpg
INFO:root:created visual debug for processed\training\19\ec50k_00190065.jpg
INFO:root:created visual debug for processed\training\19\ec50k_00190066.jpg
INFO:root:created visual debug for processed\training\19\ec50k_00190067.jpg
INFO:root:created visual debug for processed\training\19\ec50k_00190068.jpg
INFO:root:created visual debug for processed\training\19\ec50k_00190069.jpg
INFO:root:created visual debug for processed\training\19\ec50k_00190070.jpg
INFO:root:created visual debug for processed\training\19\ec50k_00190071.jpg
INFO:root:created visual debug for processed\training\19\ec50k_00190072.jpg
INFO:root:created visual debug for processed\training\19\ec50k_00190073.jpg
INFO:root:created visual debug for processed\training\19\ec50k_00190074.jpg
INFO:root:created visual debug for processed\training\19\ec50k_00190075.jpg
INFO:root:created visual debug for processed\training\19\ec50k_00190076.jpg
INFO:root:created visual debug for processed\training\19\ec50k_00190077.jpg
INFO:root:created visual debug for processed\training\19\ec50k_00190078.jpg
INFO:root:created visual debug for processed\training\19\ec50k_00190079.jpg
INFO:root:created visual debug for processed\training\19\ec50k_00190080.jpg
INFO:root:created visual debug for processed\training\19\ec50k_00190081.jpg
INFO:root:created visual debug for processed\training\19\ec50k_00190082.jpg
INFO:root:created visual debug for processed\training\19\ec50k_00190083.jpg
INFO:root:created visual debug for processed\training\19\ec50k_00190084.jpg
INFO:root:created visual debug for processed\training\19\ec50k_00190085.jpg
INFO:root:created visual debug for processed\training\19\ec50k_00190086.jpg
INFO:root:created visual debug for processed\training\19\ec50k_00190087.jpg
INFO:root:created visual debug for processed\training\19\ec50k_00190088.jpg
INFO:root:created visual debug for processed\training\19\ec50k_00190089.jpg
INFO:root:created visual debug for processed\training\19\ec50k_00190090.jpg
INFO:root:created visual debug for processed\training\19\ec50k_00190091.jpg
INFO:root:created visual debug for processed\training\19\ec50k_00190092.jpg
INFO:root:created visual debug for processed\training\19\ec50k_00190093.jpg
INFO:root:created visual debug for processed\training\19\ec50k_00190094.jpg
INFO:root:created visual debug for processed\training\19\ec50k_00190095.jpg
INFO:root:created visual debug for processed\training\19\ec50k_00190096.jpg
INFO:root:created visual debug for processed\training\19\ec50k_00190097.jpg
INFO:root:created visual debug for processed\training\19\ec50k_00190098.jpg
INFO:root:created visual debug for processed\training\19\ec50k_00190099.jpg
INFO:root:created visual debug for processed\training\19\ec50k_00190100.jpg
INFO:root:created visual debug for processed\training\19\ec50k_00190101.jpg
INFO:root:created visual debug for processed\training\19\ec50k_00190102.jpg
INFO:root:created visual debug for processed\training\19\ec50k_00190103.jpg
INFO:root:created visual debug for processed\training\19\ec50k_00190104.jpg
INFO:root:created visual debug for processed\training\19\ec50k_00190105.jpg
INFO:root:created visual debug for processed\training\19\ec50k_00190106.jpg
INFO:root:created visual debug for processed\training\19\ec50k_00190107.jpg
INFO:root:created visual debug for processed\training\19\ec50k_00190108.jpg
INFO:root:created visual debug for processed\training\19\ec50k_00190109.jpg
WARNING:root:Failed to save \ec50k_00020001.jpg in processed\training\2
INFO:root:created visual debug for processed\training\2\ec50k_00020002.jpg
INFO:root:created visual debug for processed\training\2\ec50k_00020003.jpg
INFO:root:created visual debug for processed\training\2\ec50k_00020004.jpg
INFO:root:created visual debug for processed\training\2\ec50k_00020005.jpg
WARNING:root:Failed to save \ec50k_00030001.jpg in processed\training\3
INFO:root:created visual debug for processed\training\3\ec50k_00030002.jpg
INFO:root:created visual debug for processed\training\3\ec50k_00030003.jpg
INFO:root:created visual debug for processed\training\3\ec50k_00030004.jpg
INFO:root:created visual debug for processed\training\3\ec50k_00030005.jpg
INFO:root:created visual debug for processed\training\3\ec50k_00030006.jpg
INFO:root:created visual debug for processed\training\3\ec50k_00030007.jpg
INFO:root:created visual debug for processed\training\3\ec50k_00030008.jpg
INFO:root:created visual debug for processed\training\3\ec50k_00030009.jpg
INFO:root:created visual debug for processed\training\3\ec50k_00030010.jpg
INFO:root:created visual debug for processed\training\3\ec50k_00030011.jpg
INFO:root:created visual debug for processed\training\3\ec50k_00030012.jpg
INFO:root:created visual debug for processed\training\3\ec50k_00030013.jpg
INFO:root:created visual debug for processed\training\3\ec50k_00030014.jpg
INFO:root:created visual debug for processed\training\3\ec50k_00030015.jpg
INFO:root:created visual debug for processed\training\3\ec50k_00030016.jpg
INFO:root:created visual debug for processed\training\3\ec50k_00030017.jpg
INFO:root:created visual debug for processed\training\3\ec50k_00030018.jpg
INFO:root:created visual debug for processed\training\3\ec50k_00030019.jpg
INFO:root:created visual debug for processed\training\3\ec50k_00030020.jpg
INFO:root:created visual debug for processed\training\3\ec50k_00030021.jpg
INFO:root:created visual debug for processed\training\3\ec50k_00030022.jpg
INFO:root:created visual debug for processed\training\3\ec50k_00030023.jpg
INFO:root:created visual debug for processed\training\3\ec50k_00030024.jpg
INFO:root:created visual debug for processed\training\3\ec50k_00030025.jpg
INFO:root:created visual debug for processed\training\3\ec50k_00030026.jpg
INFO:root:created visual debug for processed\training\3\ec50k_00030027.jpg
INFO:root:created visual debug for processed\training\3\ec50k_00030028.jpg
INFO:root:created visual debug for processed\training\3\ec50k_00030029.jpg
INFO:root:created visual debug for processed\training\3\ec50k_00030030.jpg
INFO:root:created visual debug for processed\training\3\ec50k_00030031.jpg
WARNING:root:Failed to save \ec1m_00110001.jpg in processed\training\31
INFO:root:created visual debug for processed\training\31\ec1m_00110002.jpg
INFO:root:created visual debug for processed\training\31\ec1m_00110003.jpg
INFO:root:created visual debug for processed\training\31\ec1m_00110004.jpg
INFO:root:created visual debug for processed\training\31\ec1m_00110005.jpg
INFO:root:created visual debug for processed\training\31\ec1m_00110006.jpg
INFO:root:created visual debug for processed\training\31\ec1m_00110007.jpg
INFO:root:created visual debug for processed\training\31\ec1m_00110008.jpg
INFO:root:created visual debug for processed\training\31\ec1m_00110009.jpg
INFO:root:created visual debug for processed\training\31\ec1m_00110010.jpg
INFO:root:created visual debug for processed\training\31\ec1m_00110011.jpg
INFO:root:created visual debug for processed\training\31\ec1m_00110012.jpg
INFO:root:created visual debug for processed\training\31\ec1m_00110013.jpg
INFO:root:created visual debug for processed\training\31\ec1m_00110014.jpg
INFO:root:created visual debug for processed\training\31\ec1m_00110015.jpg
INFO:root:created visual debug for processed\training\31\ec1m_00110016.jpg
INFO:root:created visual debug for processed\training\31\ec1m_00110017.jpg
INFO:root:created visual debug for processed\training\31\ec1m_00110018.jpg
INFO:root:created visual debug for processed\training\31\ec1m_00110019.jpg
INFO:root:created visual debug for processed\training\31\ec1m_00110020.jpg
INFO:root:created visual debug for processed\training\31\ec1m_00110021.jpg
INFO:root:created visual debug for processed\training\31\ec1m_00110022.jpg
INFO:root:created visual debug for processed\training\31\ec1m_00110023.jpg
INFO:root:created visual debug for processed\training\31\ec1m_00110024.jpg
INFO:root:created visual debug for processed\training\31\ec1m_00110025.jpg
INFO:root:created visual debug for processed\training\31\ec1m_00110026.jpg
INFO:root:created visual debug for processed\training\31\ec1m_00110027.jpg
INFO:root:created visual debug for processed\training\31\ec1m_00110028.jpg
INFO:root:created visual debug for processed\training\31\ec1m_00110029.jpg
INFO:root:created visual debug for processed\training\31\ec1m_00110030.jpg
INFO:root:created visual debug for processed\training\31\ec1m_00110031.jpg
INFO:root:created visual debug for processed\training\31\ec1m_00110032.jpg
INFO:root:created visual debug for processed\training\31\ec1m_00110033.jpg
INFO:root:created visual debug for processed\training\31\ec1m_00110034.jpg
INFO:root:created visual debug for processed\training\31\ec1m_00110035.jpg
INFO:root:created visual debug for processed\training\31\ec1m_00110036.jpg
INFO:root:created visual debug for processed\training\31\ec1m_00110037.jpg
INFO:root:created visual debug for processed\training\31\ec1m_00110038.jpg
INFO:root:created visual debug for processed\training\31\ec1m_00110039.jpg
INFO:root:created visual debug for processed\training\31\ec1m_00110040.jpg
INFO:root:created visual debug for processed\training\31\ec1m_00110041.jpg
INFO:root:created visual debug for processed\training\31\ec1m_00110042.jpg
INFO:root:created visual debug for processed\training\31\ec1m_00110043.jpg
INFO:root:created visual debug for processed\training\31\ec1m_00110044.jpg
INFO:root:created visual debug for processed\training\31\ec1m_00110045.jpg
INFO:root:created visual debug for processed\training\31\ec1m_00110046.jpg
INFO:root:created visual debug for processed\training\31\ec1m_00110047.jpg
INFO:root:created visual debug for processed\training\31\ec1m_00110048.jpg
INFO:root:created visual debug for processed\training\31\ec1m_00110049.jpg
INFO:root:created visual debug for processed\training\31\ec1m_00110050.jpg
INFO:root:created visual debug for processed\training\31\ec1m_00110051.jpg
INFO:root:created visual debug for processed\training\31\ec1m_00110052.jpg
INFO:root:created visual debug for processed\training\31\ec1m_00110053.jpg
INFO:root:created visual debug for processed\training\31\ec1m_00110054.jpg
INFO:root:created visual debug for processed\training\31\ec1m_00110055.jpg
INFO:root:created visual debug for processed\training\31\ec1m_00110056.jpg
INFO:root:created visual debug for processed\training\31\ec1m_00110057.jpg
INFO:root:created visual debug for processed\training\31\ec1m_00110058.jpg
INFO:root:created visual debug for processed\training\31\ec1m_00110059.jpg
INFO:root:created visual debug for processed\training\31\ec1m_00110060.jpg
INFO:root:created visual debug for processed\training\31\ec1m_00110061.jpg
INFO:root:created visual debug for processed\training\31\ec1m_00110062.jpg
INFO:root:created visual debug for processed\training\31\ec1m_00110063.jpg
INFO:root:created visual debug for processed\training\31\ec1m_00110064.jpg
INFO:root:created visual debug for processed\training\31\ec1m_00110065.jpg
INFO:root:created visual debug for processed\training\31\ec1m_00110066.jpg
INFO:root:created visual debug for processed\training\31\ec1m_00110067.jpg
INFO:root:created visual debug for processed\training\31\ec1m_00110068.jpg
INFO:root:created visual debug for processed\training\31\ec1m_00110069.jpg
INFO:root:created visual debug for processed\training\31\ec1m_00110070.jpg
INFO:root:created visual debug for processed\training\31\ec1m_00110071.jpg
INFO:root:created visual debug for processed\training\31\ec1m_00110072.jpg
INFO:root:created visual debug for processed\training\31\ec1m_00110073.jpg
INFO:root:created visual debug for processed\training\31\ec1m_00110074.jpg
INFO:root:created visual debug for processed\training\31\ec1m_00110075.jpg
INFO:root:created visual debug for processed\training\31\ec1m_00110076.jpg
INFO:root:created visual debug for processed\training\31\ec1m_00110077.jpg
INFO:root:created visual debug for processed\training\31\ec1m_00110078.jpg
INFO:root:created visual debug for processed\training\31\ec1m_00110079.jpg
INFO:root:created visual debug for processed\training\31\ec1m_00110080.jpg
INFO:root:created visual debug for processed\training\31\ec1m_00110081.jpg
INFO:root:created visual debug for processed\training\31\ec1m_00110082.jpg
INFO:root:created visual debug for processed\training\31\ec1m_00110083.jpg
INFO:root:created visual debug for processed\training\31\ec1m_00110084.jpg
INFO:root:created visual debug for processed\training\31\ec1m_00110085.jpg
INFO:root:created visual debug for processed\training\31\ec1m_00110086.jpg
INFO:root:created visual debug for processed\training\31\ec1m_00110087.jpg
INFO:root:created visual debug for processed\training\31\ec1m_00110088.jpg
INFO:root:created visual debug for processed\training\31\ec1m_00110089.jpg
INFO:root:created visual debug for processed\training\31\ec1m_00110090.jpg
INFO:root:created visual debug for processed\training\31\ec1m_00110091.jpg
